{"/Users/elizabethchan/Desktop/MakersAcademy/week10/bankJS/src/bankAccount.js":{"path":"/Users/elizabethchan/Desktop/MakersAcademy/week10/bankJS/src/bankAccount.js","s":{"1":1,"2":1,"3":0,"4":0,"5":0,"6":1,"7":0,"8":1,"9":0,"10":1},"b":{},"f":{"1":1,"2":0,"3":0,"4":0},"fnMap":{"1":{"name":"(anonymous_1)","line":3,"loc":{"start":{"line":3,"column":1},"end":{"line":3,"column":19}}},"2":{"name":"bankAccount","line":4,"loc":{"start":{"line":4,"column":1},"end":{"line":4,"column":24}}},"3":{"name":"(anonymous_3)","line":10,"loc":{"start":{"line":10,"column":33},"end":{"line":10,"column":44}}},"4":{"name":"(anonymous_4)","line":14,"loc":{"start":{"line":14,"column":36},"end":{"line":14,"column":54}}}},"statementMap":{"1":{"start":{"line":3,"column":0},"end":{"line":19,"column":9}},"2":{"start":{"line":4,"column":1},"end":{"line":8,"column":2}},"3":{"start":{"line":5,"column":2},"end":{"line":5,"column":20}},"4":{"start":{"line":6,"column":2},"end":{"line":6,"column":19}},"5":{"start":{"line":7,"column":2},"end":{"line":7,"column":73}},"6":{"start":{"line":10,"column":1},"end":{"line":12,"column":3}},"7":{"start":{"line":11,"column":2},"end":{"line":11,"column":23}},"8":{"start":{"line":14,"column":1},"end":{"line":16,"column":3}},"9":{"start":{"line":15,"column":2},"end":{"line":15,"column":49}},"10":{"start":{"line":18,"column":1},"end":{"line":18,"column":35}}},"branchMap":{}}}